on 0: 2024-09-04 11:14:24,251 - INFO - 📥 [2024_1166_東石潮位站_tide]壓縮檔下載成功，檔案已下載到: save/zip/saved_file.zip
on 0: 2024-09-04 11:14:24,280 - INFO - ✅ [2024_1166_東石潮位站_tide]壓縮成功 (路徑: save/csv/)
on 1: 2024-09-04 11:14:29,028 - INFO - 📥 [2024_1186_東港潮位站_tide]壓縮檔下載成功，檔案已下載到: save/zip/saved_file.zip
on 1: 2024-09-04 11:14:29,055 - INFO - ✅ [2024_1186_東港潮位站_tide]壓縮成功 (路徑: save/csv/)
on 2: 2024-09-04 11:14:33,899 - INFO - 📥 [2024_1176_將軍潮位站_tide]壓縮檔下載成功，檔案已下載到: save/zip/saved_file.zip
on 2: 2024-09-04 11:14:33,929 - INFO - ✅ [2024_1176_將軍潮位站_tide]壓縮成功 (路徑: save/csv/)
on 3: 2024-09-04 11:14:38,545 - INFO - 📥 [2024_1486_高雄潮位站_tide]壓縮檔下載成功，檔案已下載到: save/zip/saved_file.zip
on 3: 2024-09-04 11:14:38,572 - INFO - ✅ [2024_1486_高雄潮位站_tide]壓縮成功 (路徑: save/csv/)
on 0: 2024-09-04 11:15:00,401 - INFO - ✅ 新增站點ID: C4L02 成功
on 0: 2024-09-04 11:15:00,401 - INFO - ✅ 新增站點ID: C4L02 成功
on 0: 2024-09-04 11:15:00,401 - INFO - ✅ 新增站點ID: C4L02 成功
on 0: 2024-09-04 11:15:00,401 - INFO - ✅ 新增站點ID: C4L02 成功
on 0: 2024-09-04 11:15:01,884 - INFO - ✅ [C4L02 - 東石潮位站]新增 8702 筆潮高資料成功
on 0: 2024-09-04 11:15:01,884 - INFO - ✅ [C4L02 - 東石潮位站]新增 8702 筆潮高資料成功
on 0: 2024-09-04 11:15:01,884 - INFO - ✅ [C4L02 - 東石潮位站]新增 8702 筆潮高資料成功
on 0: 2024-09-04 11:15:01,884 - INFO - ✅ [C4L02 - 東石潮位站]新增 8702 筆潮高資料成功
on 1: 2024-09-04 11:15:03,322 - INFO - ✅ [C4N01 - 將軍潮位站]新增 8728 筆潮高資料成功
on 1: 2024-09-04 11:15:03,322 - INFO - ✅ [C4N01 - 將軍潮位站]新增 8728 筆潮高資料成功
on 1: 2024-09-04 11:15:03,322 - INFO - ✅ [C4N01 - 將軍潮位站]新增 8728 筆潮高資料成功
on 1: 2024-09-04 11:15:03,322 - INFO - ✅ [C4N01 - 將軍潮位站]新增 8728 筆潮高資料成功
on 2: 2024-09-04 11:15:04,577 - INFO - ✅ [C4Q02 - 東港潮位站]新增 8755 筆潮高資料成功
on 2: 2024-09-04 11:15:04,577 - INFO - ✅ [C4Q02 - 東港潮位站]新增 8755 筆潮高資料成功
on 2: 2024-09-04 11:15:04,577 - INFO - ✅ [C4Q02 - 東港潮位站]新增 8755 筆潮高資料成功
on 2: 2024-09-04 11:15:04,577 - INFO - ✅ [C4Q02 - 東港潮位站]新增 8755 筆潮高資料成功
on 3: 2024-09-04 11:15:06,042 - INFO - ✅ [C4P01 - 高雄潮位站]新增 8734 筆潮高資料成功
on 3: 2024-09-04 11:15:06,042 - INFO - ✅ [C4P01 - 高雄潮位站]新增 8734 筆潮高資料成功
on 3: 2024-09-04 11:15:06,042 - INFO - ✅ [C4P01 - 高雄潮位站]新增 8734 筆潮高資料成功
on 3: 2024-09-04 11:15:06,042 - INFO - ✅ [C4P01 - 高雄潮位站]新增 8734 筆潮高資料成功
on 4: 2024-09-04 11:15:07,033 - INFO - ✅ [C4L02 - 東石潮位站]新增 5387 筆潮高資料成功
on 4: 2024-09-04 11:15:07,033 - INFO - ✅ [C4L02 - 東石潮位站]新增 5387 筆潮高資料成功
on 4: 2024-09-04 11:15:07,033 - INFO - ✅ [C4L02 - 東石潮位站]新增 5387 筆潮高資料成功
on 4: 2024-09-04 11:15:07,033 - INFO - ✅ [C4L02 - 東石潮位站]新增 5387 筆潮高資料成功
on 5: 2024-09-04 11:15:08,153 - INFO - ✅ [C4N01 - 將軍潮位站]新增 5923 筆潮高資料成功
on 5: 2024-09-04 11:15:08,153 - INFO - ✅ [C4N01 - 將軍潮位站]新增 5923 筆潮高資料成功
on 5: 2024-09-04 11:15:08,153 - INFO - ✅ [C4N01 - 將軍潮位站]新增 5923 筆潮高資料成功
on 5: 2024-09-04 11:15:08,153 - INFO - ✅ [C4N01 - 將軍潮位站]新增 5923 筆潮高資料成功
on 6: 2024-09-04 11:15:09,366 - INFO - ✅ [C4Q02 - 東港潮位站]新增 5929 筆潮高資料成功
on 6: 2024-09-04 11:15:09,366 - INFO - ✅ [C4Q02 - 東港潮位站]新增 5929 筆潮高資料成功
on 6: 2024-09-04 11:15:09,366 - INFO - ✅ [C4Q02 - 東港潮位站]新增 5929 筆潮高資料成功
on 6: 2024-09-04 11:15:09,366 - INFO - ✅ [C4Q02 - 東港潮位站]新增 5929 筆潮高資料成功
on 7: 2024-09-04 11:15:10,467 - INFO - ✅ [C4P01 - 高雄潮位站]新增 5802 筆潮高資料成功
on 7: 2024-09-04 11:15:10,467 - INFO - ✅ [C4P01 - 高雄潮位站]新增 5802 筆潮高資料成功
on 7: 2024-09-04 11:15:10,467 - INFO - ✅ [C4P01 - 高雄潮位站]新增 5802 筆潮高資料成功
on 7: 2024-09-04 11:15:10,467 - INFO - ✅ [C4P01 - 高雄潮位站]新增 5802 筆潮高資料成功
